<?xml version="1.0" encoding="UTF-8"?>
<!-- Generated by org.testng.reporters.JUnitReportReporter -->
<testsuite hostname="WINDOWS-RM6RKV3" failures="0" tests="1" name="TestNG.LoginGmail" time="5.926" errors="0" timestamp="2021-06-17T17:41:32 IST" skipped="0">
  <testcase classname="TestNG.LoginGmail" name="loginmail" time="5.926"/>
  <system-out/>
</testsuite> <!-- TestNG.LoginGmail -->
