<?xml version="1.0" encoding="UTF-8"?>
<!-- Generated by org.testng.reporters.JUnitReportReporter -->
<testsuite hostname="WINDOWS-RM6RKV3" failures="0" tests="1" name="TestNG.LoginGmail" time="6.870" errors="0" timestamp="2021-06-17T21:49:59 IST" skipped="0">
  <testcase classname="TestNG.LoginGmail" name="loginmail" time="6.870"/>
  <system-out/>
</testsuite> <!-- TestNG.LoginGmail -->
